<?xml version="1.0" encoding="UTF-8"?>
<!-- Generated by org.testng.reporters.JUnitXMLReporter -->
<testsuite ignored="1" hostname="LAPTOP-B95337TM" failures="1" tests="6" name="GSS" time="285.64" errors="0" timestamp="2023-08-01T20:27:47 IST">
  <testcase classname="Programmes.Alerts" name="handlingalerts" time="2.512"/>
  <testcase classname="Programmes.BooleanOneway" name="options" time="5.379"/>
  <testcase classname="Programmes.AllLinks" name="Clickable" time="13.056">
    <failure type="java.lang.IndexOutOfBoundsException" message="Index 109 out of bounds for length 109">
      <![CDATA[java.lang.IndexOutOfBoundsException: Index 109 out of bounds for length 109
at java.base/jdk.internal.util.Preconditions.outOfBounds(Preconditions.java:64)
at java.base/jdk.internal.util.Preconditions.outOfBoundsCheckIndex(Preconditions.java:70)
at java.base/jdk.internal.util.Preconditions.checkIndex(Preconditions.java:266)
at java.base/java.util.Objects.checkIndex(Objects.java:361)
at java.base/java.util.ArrayList.get(ArrayList.java:427)
at Programmes.AllLinks.Clickable(AllLinks.java:32)
at java.base/java.util.ArrayList.forEach(ArrayList.java:1511)
... Removed 27 stack frames]]>
    </failure>
  </testcase> <!-- Clickable -->
  <testcase classname="Programmes.Frames" name="Clickable" time="4.127"/>
  <testcase classname="Programmes.Informationcommands" name="gmail" time="0.332"/>
  <testcase classname="Programmes.MouseOverActions" name="mouseOver" time="23.693"/>
  <testcase classname="Programmes.Informationcommands" name="google_image" time="0.0">
    <ignored/>
  </testcase> <!-- google_image -->
</testsuite> <!-- GSS -->
